<?xml version="1.0" encoding="UTF-8"?>
<!-- Generated by org.testng.reporters.JUnitXMLReporter -->
<testsuite ignored="0" hostname="LAPTOP-9SQDDSJ6" failures="0" tests="3" name="Default test" time="4.966" errors="0" timestamp="2023-10-09T11:23:21 BST">
  <testcase classname="lookup.restassured.tests.TestDomainLookupTool" name="testNameserverAvailableForDomain" time="4.484"/>
  <testcase classname="lookup.restassured.tests.TestDomainLookupTool" name="testNameserverAvailableForDomain" time="0.222"/>
  <testcase classname="lookup.restassured.tests.TestDomainLookupTool" name="testNameserverAvailableForDomain" time="0.183"/>
</testsuite> <!-- Default test -->
