<?xml version="1.0" encoding="UTF-8"?>
<testng-results ignored="0" total="3" passed="3" failed="0" skipped="0">
  <reporter-output>
  </reporter-output>
  <suite started-at="2023-10-09T11:23:16 BST" name="Default suite" finished-at="2023-10-09T11:23:21 BST" duration-ms="4966">
    <groups>
    </groups>
    <test started-at="2023-10-09T11:23:16 BST" name="Default test" finished-at="2023-10-09T11:23:21 BST" duration-ms="4966">
      <class name="lookup.restassured.tests.TestDomainLookupTool">
        <test-method signature="testNameserverAvailableForDomain(java.lang.String, java.lang.String)[pri:0, instance:lookup.restassured.tests.TestDomainLookupTool@291b4bf5]" started-at="2023-10-09T11:23:16 BST" name="testNameserverAvailableForDomain" data-provider="region_and_domain" finished-at="2023-10-09T11:23:21 BST" duration-ms="4484" status="PASS">
          <params>
            <param index="0">
              <value>
                <![CDATA[wales]]>
              </value>
            </param>
            <param index="1">
              <value>
                <![CDATA[bbc.wales]]>
              </value>
            </param>
          </params>
          <reporter-output>
          </reporter-output>
        </test-method> <!-- testNameserverAvailableForDomain -->
        <test-method signature="testNameserverAvailableForDomain(java.lang.String, java.lang.String)[pri:0, instance:lookup.restassured.tests.TestDomainLookupTool@291b4bf5]" started-at="2023-10-09T11:23:21 BST" name="testNameserverAvailableForDomain" data-provider="region_and_domain" finished-at="2023-10-09T11:23:21 BST" duration-ms="222" status="PASS">
          <params>
            <param index="0">
              <value>
                <![CDATA[uk]]>
              </value>
            </param>
            <param index="1">
              <value>
                <![CDATA[yahoo.co.uk]]>
              </value>
            </param>
          </params>
          <reporter-output>
          </reporter-output>
        </test-method> <!-- testNameserverAvailableForDomain -->
        <test-method signature="testNameserverAvailableForDomain(java.lang.String, java.lang.String)[pri:0, instance:lookup.restassured.tests.TestDomainLookupTool@291b4bf5]" started-at="2023-10-09T11:23:21 BST" name="testNameserverAvailableForDomain" data-provider="region_and_domain" finished-at="2023-10-09T11:23:21 BST" duration-ms="183" status="PASS">
          <params>
            <param index="0">
              <value>
                <![CDATA[uk]]>
              </value>
            </param>
            <param index="1">
              <value>
                <![CDATA[gov.uk]]>
              </value>
            </param>
          </params>
          <reporter-output>
          </reporter-output>
        </test-method> <!-- testNameserverAvailableForDomain -->
      </class> <!-- lookup.restassured.tests.TestDomainLookupTool -->
    </test> <!-- Default test -->
  </suite> <!-- Default suite -->
</testng-results>
